[INFO] Scanning for projects...
[INFO] 
[INFO] -------------------------< ma.ens:springbash >--------------------------
[INFO] Building  0.0.1-SNAPSHOT
[INFO]   from pom.xml
[INFO] --------------------------------[ jar ]---------------------------------
[INFO] 
[INFO] >>> spring-boot:3.5.14-SNAPSHOT:run (default-cli) > test-compile @ springbash >>>
[INFO] 
[INFO] --- resources:3.3.1:resources (default-resources) @ springbash ---
[INFO] Copying 1 resource from src/main/resources to target/classes
[INFO] Copying 0 resource from src/main/resources to target/classes
[INFO] 
[INFO] --- compiler:3.14.1:compile (default-compile) @ springbash ---
[INFO] Nothing to compile - all classes are up to date.
[INFO] 
[INFO] --- resources:3.3.1:testResources (default-testResources) @ springbash ---
[INFO] skip non existing resourceDirectory /mnt/c/Users/Lenovo Legion 5/Downloads/springbash/springbash/src/test/resources
[INFO] 
[INFO] --- compiler:3.14.1:testCompile (default-testCompile) @ springbash ---
[INFO] Nothing to compile - all classes are up to date.
[INFO] 
[INFO] <<< spring-boot:3.5.14-SNAPSHOT:run (default-cli) < test-compile @ springbash <<<
[INFO] 
[INFO] 
[INFO] --- spring-boot:3.5.14-SNAPSHOT:run (default-cli) @ springbash ---
[INFO] Attaching agents: []

  .   ____          _            __ _ _
 /\\ / ___'_ __ _ _(_)_ __  __ _ \ \ \ \
( ( )\___ | '_ | '_| | '_ \/ _` | \ \ \ \
 \\/  ___)| |_)| | | | | || (_| |  ) ) ) )
  '  |____| .__|_| |_|_| |_\__, | / / / /
 =========|_|==============|___/=/_/_/_/

 :: Spring Boot ::      (v3.5.14-SNAPSHOT)

2026-03-28T19:51:27.105+01:00  INFO 2036 --- [springbash] [           main] m.ens.springbash.SpringbashApplication   : Starting SpringbashApplication using Java 17.0.18 with PID 2036 (/mnt/c/Users/Lenovo Legion 5/Downloads/springbash/springbash/target/classes started by lenovo_legion_5 in /mnt/c/Users/Lenovo Legion 5/Downloads/springbash/springbash)
2026-03-28T19:51:27.114+01:00  INFO 2036 --- [springbash] [           main] m.ens.springbash.SpringbashApplication   : No active profile set, falling back to 1 default profile: "default"
2026-03-28T19:51:30.439+01:00  INFO 2036 --- [springbash] [           main] .s.d.r.c.RepositoryConfigurationDelegate : Bootstrapping Spring Data JPA repositories in DEFAULT mode.
2026-03-28T19:51:30.571+01:00  INFO 2036 --- [springbash] [           main] .s.d.r.c.RepositoryConfigurationDelegate : Finished Spring Data repository scanning in 84 ms. Found 0 JPA repository interfaces.
2026-03-28T19:51:32.553+01:00  INFO 2036 --- [springbash] [           main] o.s.b.w.embedded.tomcat.TomcatWebServer  : Tomcat initialized with port 8085 (http)
2026-03-28T19:51:32.610+01:00  INFO 2036 --- [springbash] [           main] o.apache.catalina.core.StandardService   : Starting service [Tomcat]
2026-03-28T19:51:32.610+01:00  INFO 2036 --- [springbash] [           main] o.apache.catalina.core.StandardEngine    : Starting Servlet engine: [Apache Tomcat/10.1.53]
2026-03-28T19:51:32.822+01:00  INFO 2036 --- [springbash] [           main] o.a.c.c.C.[Tomcat].[localhost].[/]       : Initializing Spring embedded WebApplicationContext
2026-03-28T19:51:32.827+01:00  INFO 2036 --- [springbash] [           main] w.s.c.ServletWebServerApplicationContext : Root WebApplicationContext: initialization completed in 5483 ms
2026-03-28T19:51:33.653+01:00  INFO 2036 --- [springbash] [           main] o.hibernate.jpa.internal.util.LogHelper  : HHH000204: Processing PersistenceUnitInfo [name: default]
2026-03-28T19:51:34.213+01:00  INFO 2036 --- [springbash] [           main] org.hibernate.Version                    : HHH000412: Hibernate ORM core version 6.6.45.Final
2026-03-28T19:51:34.501+01:00  INFO 2036 --- [springbash] [           main] o.h.c.internal.RegionFactoryInitiator    : HHH000026: Second-level cache disabled
2026-03-28T19:51:35.930+01:00  INFO 2036 --- [springbash] [           main] o.s.o.j.p.SpringPersistenceUnitInfo      : No LoadTimeWeaver setup: ignoring JPA class transformer
2026-03-28T19:51:36.177+01:00  INFO 2036 --- [springbash] [           main] com.zaxxer.hikari.HikariDataSource       : HikariPool-1 - Starting...
2026-03-28T19:51:37.512+01:00  INFO 2036 --- [springbash] [           main] com.zaxxer.hikari.pool.HikariPool        : HikariPool-1 - Added connection conn0: url=jdbc:h2:mem:testdb user=SA
2026-03-28T19:51:37.524+01:00  INFO 2036 --- [springbash] [           main] com.zaxxer.hikari.HikariDataSource       : HikariPool-1 - Start completed.
2026-03-28T19:51:37.857+01:00  INFO 2036 --- [springbash] [           main] org.hibernate.orm.connections.pooling    : HHH10001005: Database info:
	Database JDBC URL [Connecting through datasource 'HikariDataSource (HikariPool-1)']
	Database driver: undefined/unknown
	Database version: 2.3.232
	Autocommit mode: undefined/unknown
	Isolation level: undefined/unknown
	Minimum pool size: undefined/unknown
	Maximum pool size: undefined/unknown
2026-03-28T19:51:39.774+01:00  INFO 2036 --- [springbash] [           main] o.h.e.t.j.p.i.JtaPlatformInitiator       : HHH000489: No JTA platform available (set 'hibernate.transaction.jta.platform' to enable JTA platform integration)
2026-03-28T19:51:39.813+01:00  INFO 2036 --- [springbash] [           main] j.LocalContainerEntityManagerFactoryBean : Initialized JPA EntityManagerFactory for persistence unit 'default'
2026-03-28T19:51:39.948+01:00  WARN 2036 --- [springbash] [           main] JpaBaseConfiguration$JpaWebConfiguration : spring.jpa.open-in-view is enabled by default. Therefore, database queries may be performed during view rendering. Explicitly configure spring.jpa.open-in-view to disable this warning
2026-03-28T19:51:41.910+01:00  WARN 2036 --- [springbash] [           main] ConfigServletWebServerApplicationContext : Exception encountered during context initialization - cancelling refresh attempt: org.springframework.context.ApplicationContextException: Failed to start bean 'webServerStartStop'
2026-03-28T19:51:41.915+01:00  INFO 2036 --- [springbash] [           main] j.LocalContainerEntityManagerFactoryBean : Closing JPA EntityManagerFactory for persistence unit 'default'
2026-03-28T19:51:41.926+01:00  INFO 2036 --- [springbash] [           main] com.zaxxer.hikari.HikariDataSource       : HikariPool-1 - Shutdown initiated...
2026-03-28T19:51:41.934+01:00  INFO 2036 --- [springbash] [           main] com.zaxxer.hikari.HikariDataSource       : HikariPool-1 - Shutdown completed.
2026-03-28T19:51:41.967+01:00  INFO 2036 --- [springbash] [           main] .s.b.a.l.ConditionEvaluationReportLogger : 

Error starting ApplicationContext. To display the condition evaluation report re-run your application with 'debug' enabled.
2026-03-28T19:51:42.104+01:00 ERROR 2036 --- [springbash] [           main] o.s.b.d.LoggingFailureAnalysisReporter   : 

***************************
APPLICATION FAILED TO START
***************************

Description:

Web server failed to start. Port 8085 was already in use.

Action:

Identify and stop the process that's listening on port 8085 or configure this application to listen on another port.

[INFO] ------------------------------------------------------------------------
[INFO] BUILD FAILURE
[INFO] ------------------------------------------------------------------------
[INFO] Total time:  22.962 s
[INFO] Finished at: 2026-03-28T19:51:42+01:00
[INFO] ------------------------------------------------------------------------
[ERROR] Failed to execute goal org.springframework.boot:spring-boot-maven-plugin:3.5.14-SNAPSHOT:run (default-cli) on project springbash: Process terminated with exit code: 1 -> [Help 1]
[ERROR] 
[ERROR] To see the full stack trace of the errors, re-run Maven with the -e switch.
[ERROR] Re-run Maven using the -X switch to enable full debug logging.
[ERROR] 
[ERROR] For more information about the errors and possible solutions, please read the following articles:
[ERROR] [Help 1] http://cwiki.apache.org/confluence/display/MAVEN/MojoExecutionException
