
  .   ____          _            __ _ _
 /\\ / ___'_ __ _ _(_)_ __  __ _ \ \ \ \
( ( )\___ | '_ | '_| | '_ \/ _` | \ \ \ \
 \\/  ___)| |_)| | | | | || (_| |  ) ) ) )
  '  |____| .__|_| |_|_| |_\__, | / / / /
 =========|_|==============|___/=/_/_/_/

 :: Spring Boot ::      (v3.5.14-SNAPSHOT)

2026-03-28T19:51:48.860+01:00  INFO 2153 --- [springbash] [           main] m.ens.springbash.SpringbashApplication   : Starting SpringbashApplication v0.0.1-SNAPSHOT using Java 17.0.18 with PID 2153 (/mnt/c/Users/Lenovo Legion 5/Downloads/springbash/springbash/target/springbash-0.0.1-SNAPSHOT.jar started by lenovo_legion_5 in /mnt/c/Users/Lenovo Legion 5/Downloads/springbash/springbash)
2026-03-28T19:51:48.867+01:00  INFO 2153 --- [springbash] [           main] m.ens.springbash.SpringbashApplication   : No active profile set, falling back to 1 default profile: "default"
2026-03-28T19:51:51.203+01:00  INFO 2153 --- [springbash] [           main] .s.d.r.c.RepositoryConfigurationDelegate : Bootstrapping Spring Data JPA repositories in DEFAULT mode.
2026-03-28T19:51:51.278+01:00  INFO 2153 --- [springbash] [           main] .s.d.r.c.RepositoryConfigurationDelegate : Finished Spring Data repository scanning in 38 ms. Found 0 JPA repository interfaces.
2026-03-28T19:51:52.567+01:00  INFO 2153 --- [springbash] [           main] o.s.b.w.embedded.tomcat.TomcatWebServer  : Tomcat initialized with port 8085 (http)
2026-03-28T19:51:52.603+01:00  INFO 2153 --- [springbash] [           main] o.apache.catalina.core.StandardService   : Starting service [Tomcat]
2026-03-28T19:51:52.604+01:00  INFO 2153 --- [springbash] [           main] o.apache.catalina.core.StandardEngine    : Starting Servlet engine: [Apache Tomcat/10.1.53]
2026-03-28T19:51:52.697+01:00  INFO 2153 --- [springbash] [           main] o.a.c.c.C.[Tomcat].[localhost].[/]       : Initializing Spring embedded WebApplicationContext
2026-03-28T19:51:52.701+01:00  INFO 2153 --- [springbash] [           main] w.s.c.ServletWebServerApplicationContext : Root WebApplicationContext: initialization completed in 3656 ms
2026-03-28T19:51:53.205+01:00  INFO 2153 --- [springbash] [           main] o.hibernate.jpa.internal.util.LogHelper  : HHH000204: Processing PersistenceUnitInfo [name: default]
2026-03-28T19:51:53.450+01:00  INFO 2153 --- [springbash] [           main] org.hibernate.Version                    : HHH000412: Hibernate ORM core version 6.6.45.Final
2026-03-28T19:51:53.566+01:00  INFO 2153 --- [springbash] [           main] o.h.c.internal.RegionFactoryInitiator    : HHH000026: Second-level cache disabled
2026-03-28T19:51:54.735+01:00  INFO 2153 --- [springbash] [           main] o.s.o.j.p.SpringPersistenceUnitInfo      : No LoadTimeWeaver setup: ignoring JPA class transformer
2026-03-28T19:51:54.874+01:00  INFO 2153 --- [springbash] [           main] com.zaxxer.hikari.HikariDataSource       : HikariPool-1 - Starting...
2026-03-28T19:51:55.754+01:00  INFO 2153 --- [springbash] [           main] com.zaxxer.hikari.pool.HikariPool        : HikariPool-1 - Added connection conn0: url=jdbc:h2:mem:testdb user=SA
2026-03-28T19:51:55.760+01:00  INFO 2153 --- [springbash] [           main] com.zaxxer.hikari.HikariDataSource       : HikariPool-1 - Start completed.
2026-03-28T19:51:55.992+01:00  INFO 2153 --- [springbash] [           main] org.hibernate.orm.connections.pooling    : HHH10001005: Database info:
	Database JDBC URL [Connecting through datasource 'HikariDataSource (HikariPool-1)']
	Database driver: undefined/unknown
	Database version: 2.3.232
	Autocommit mode: undefined/unknown
	Isolation level: undefined/unknown
	Minimum pool size: undefined/unknown
	Maximum pool size: undefined/unknown
2026-03-28T19:51:57.185+01:00  INFO 2153 --- [springbash] [           main] o.h.e.t.j.p.i.JtaPlatformInitiator       : HHH000489: No JTA platform available (set 'hibernate.transaction.jta.platform' to enable JTA platform integration)
2026-03-28T19:51:57.203+01:00  INFO 2153 --- [springbash] [           main] j.LocalContainerEntityManagerFactoryBean : Initialized JPA EntityManagerFactory for persistence unit 'default'
2026-03-28T19:51:57.296+01:00  WARN 2153 --- [springbash] [           main] JpaBaseConfiguration$JpaWebConfiguration : spring.jpa.open-in-view is enabled by default. Therefore, database queries may be performed during view rendering. Explicitly configure spring.jpa.open-in-view to disable this warning
2026-03-28T19:51:58.483+01:00  WARN 2153 --- [springbash] [           main] ConfigServletWebServerApplicationContext : Exception encountered during context initialization - cancelling refresh attempt: org.springframework.context.ApplicationContextException: Failed to start bean 'webServerStartStop'
2026-03-28T19:51:58.485+01:00  INFO 2153 --- [springbash] [           main] j.LocalContainerEntityManagerFactoryBean : Closing JPA EntityManagerFactory for persistence unit 'default'
2026-03-28T19:51:58.490+01:00  INFO 2153 --- [springbash] [           main] com.zaxxer.hikari.HikariDataSource       : HikariPool-1 - Shutdown initiated...
2026-03-28T19:51:58.495+01:00  INFO 2153 --- [springbash] [           main] com.zaxxer.hikari.HikariDataSource       : HikariPool-1 - Shutdown completed.
2026-03-28T19:51:58.513+01:00  INFO 2153 --- [springbash] [           main] .s.b.a.l.ConditionEvaluationReportLogger : 

Error starting ApplicationContext. To display the condition evaluation report re-run your application with 'debug' enabled.
2026-03-28T19:51:58.558+01:00 ERROR 2153 --- [springbash] [           main] o.s.b.d.LoggingFailureAnalysisReporter   : 

***************************
APPLICATION FAILED TO START
***************************

Description:

Web server failed to start. Port 8085 was already in use.

Action:

Identify and stop the process that's listening on port 8085 or configure this application to listen on another port.

